[2020-10-12 14:26:25Z INFO HostContext] No proxy settings were found based on environmental variables (http_proxy/https_proxy/HTTP_PROXY/HTTPS_PROXY)
[2020-10-12 14:26:25Z INFO HostContext] Well known directory 'Bin': 'C:\Users\irfan\Documents\react_applications\covid_19_malaysia\actions-runner\bin'
[2020-10-12 14:26:25Z INFO HostContext] Well known directory 'Root': 'C:\Users\irfan\Documents\react_applications\covid_19_malaysia\actions-runner'
[2020-10-12 14:26:25Z INFO HostContext] Well known config file 'Credentials': 'C:\Users\irfan\Documents\react_applications\covid_19_malaysia\actions-runner\.credentials'
[2020-10-12 14:26:26Z INFO Listener] Runner is built for Windows (X64) - win-x64.
[2020-10-12 14:26:26Z INFO Listener] RuntimeInformation: Microsoft Windows 10.0.19041.
[2020-10-12 14:26:26Z INFO Listener] Version: 2.273.5
[2020-10-12 14:26:26Z INFO Listener] Commit: a79bab4b3c993a205a2d73d2b618299d8a96bd26
[2020-10-12 14:26:26Z INFO Listener] Culture: en-MY
[2020-10-12 14:26:26Z INFO Listener] UI Culture: en-US
[2020-10-12 14:26:26Z INFO HostContext] Well known directory 'Bin': 'C:\Users\irfan\Documents\react_applications\covid_19_malaysia\actions-runner\bin'
[2020-10-12 14:26:26Z INFO HostContext] Well known directory 'Root': 'C:\Users\irfan\Documents\react_applications\covid_19_malaysia\actions-runner'
[2020-10-12 14:26:26Z INFO Listener] Validating directory permissions for: 'C:\Users\irfan\Documents\react_applications\covid_19_malaysia\actions-runner'
[2020-10-12 14:26:26Z INFO CommandLineParser] Parse
[2020-10-12 14:26:26Z INFO CommandLineParser] Parsing 5 args
[2020-10-12 14:26:26Z INFO CommandLineParser] parsing argument
[2020-10-12 14:26:26Z INFO CommandLineParser] HasArgs: False
[2020-10-12 14:26:26Z INFO CommandLineParser] Adding Command: configure
[2020-10-12 14:26:26Z INFO CommandLineParser] parsing argument
[2020-10-12 14:26:26Z INFO CommandLineParser] HasArgs: True
[2020-10-12 14:26:26Z INFO CommandLineParser] arg: url
[2020-10-12 14:26:26Z INFO CommandLineParser] parsing argument
[2020-10-12 14:26:26Z INFO CommandLineParser] HasArgs: True
[2020-10-12 14:26:26Z INFO CommandLineParser] Adding option 'url': 'https://github.com/irfan87/covid_19_malaysia'
[2020-10-12 14:26:26Z INFO CommandLineParser] parsing argument
[2020-10-12 14:26:26Z INFO CommandLineParser] HasArgs: True
[2020-10-12 14:26:26Z INFO CommandLineParser] arg: token
[2020-10-12 14:26:26Z INFO CommandLineParser] parsing argument
[2020-10-12 14:26:26Z INFO CommandLineParser] HasArgs: True
[2020-10-12 14:26:26Z INFO CommandLineParser] Adding option 'token': '***'
[2020-10-12 14:26:26Z INFO Listener] Arguments parsed
[2020-10-12 14:26:26Z INFO Runner] ExecuteCommand
[2020-10-12 14:26:26Z INFO ConfigurationStore] currentAssemblyLocation: C:\Users\irfan\Documents\react_applications\covid_19_malaysia\actions-runner\bin\Runner.Listener.dll
[2020-10-12 14:26:26Z INFO HostContext] Well known directory 'Bin': 'C:\Users\irfan\Documents\react_applications\covid_19_malaysia\actions-runner\bin'
[2020-10-12 14:26:26Z INFO ConfigurationStore] binPath: C:\Users\irfan\Documents\react_applications\covid_19_malaysia\actions-runner\bin
[2020-10-12 14:26:26Z INFO HostContext] Well known directory 'Bin': 'C:\Users\irfan\Documents\react_applications\covid_19_malaysia\actions-runner\bin'
[2020-10-12 14:26:26Z INFO HostContext] Well known directory 'Root': 'C:\Users\irfan\Documents\react_applications\covid_19_malaysia\actions-runner'
[2020-10-12 14:26:26Z INFO ConfigurationStore] RootFolder: C:\Users\irfan\Documents\react_applications\covid_19_malaysia\actions-runner
[2020-10-12 14:26:26Z INFO HostContext] Well known directory 'Bin': 'C:\Users\irfan\Documents\react_applications\covid_19_malaysia\actions-runner\bin'
[2020-10-12 14:26:26Z INFO HostContext] Well known directory 'Root': 'C:\Users\irfan\Documents\react_applications\covid_19_malaysia\actions-runner'
[2020-10-12 14:26:26Z INFO HostContext] Well known config file 'Runner': 'C:\Users\irfan\Documents\react_applications\covid_19_malaysia\actions-runner\.runner'
[2020-10-12 14:26:26Z INFO ConfigurationStore] ConfigFilePath: C:\Users\irfan\Documents\react_applications\covid_19_malaysia\actions-runner\.runner
[2020-10-12 14:26:26Z INFO HostContext] Well known directory 'Bin': 'C:\Users\irfan\Documents\react_applications\covid_19_malaysia\actions-runner\bin'
[2020-10-12 14:26:26Z INFO HostContext] Well known directory 'Root': 'C:\Users\irfan\Documents\react_applications\covid_19_malaysia\actions-runner'
[2020-10-12 14:26:26Z INFO HostContext] Well known config file 'Credentials': 'C:\Users\irfan\Documents\react_applications\covid_19_malaysia\actions-runner\.credentials'
[2020-10-12 14:26:26Z INFO ConfigurationStore] CredFilePath: C:\Users\irfan\Documents\react_applications\covid_19_malaysia\actions-runner\.credentials
[2020-10-12 14:26:26Z INFO HostContext] Well known directory 'Bin': 'C:\Users\irfan\Documents\react_applications\covid_19_malaysia\actions-runner\bin'
[2020-10-12 14:26:26Z INFO HostContext] Well known directory 'Root': 'C:\Users\irfan\Documents\react_applications\covid_19_malaysia\actions-runner'
[2020-10-12 14:26:26Z INFO HostContext] Well known config file 'MigratedCredentials': 'C:\Users\irfan\Documents\react_applications\covid_19_malaysia\actions-runner\.credentials_migrated'
[2020-10-12 14:26:26Z INFO ConfigurationStore] MigratedCredFilePath: C:\Users\irfan\Documents\react_applications\covid_19_malaysia\actions-runner\.credentials_migrated
[2020-10-12 14:26:26Z INFO HostContext] Well known directory 'Bin': 'C:\Users\irfan\Documents\react_applications\covid_19_malaysia\actions-runner\bin'
[2020-10-12 14:26:26Z INFO HostContext] Well known directory 'Root': 'C:\Users\irfan\Documents\react_applications\covid_19_malaysia\actions-runner'
[2020-10-12 14:26:26Z INFO HostContext] Well known config file 'Service': 'C:\Users\irfan\Documents\react_applications\covid_19_malaysia\actions-runner\.service'
[2020-10-12 14:26:26Z INFO ConfigurationStore] ServiceConfigFilePath: C:\Users\irfan\Documents\react_applications\covid_19_malaysia\actions-runner\.service
[2020-10-12 14:26:26Z INFO CommandSettings] Flag 'help': 'False'
[2020-10-12 14:26:26Z INFO CommandSettings] Flag 'version': 'False'
[2020-10-12 14:26:26Z INFO CommandSettings] Flag 'commit': 'False'
[2020-10-12 14:26:26Z INFO CommandSettings] Command 'configure': 'True'
[2020-10-12 14:26:26Z INFO Terminal] WRITE LINE: 
[2020-10-12 14:26:26Z INFO Terminal] WRITE LINE: --------------------------------------------------------------------------------
[2020-10-12 14:26:26Z INFO Terminal] WRITE LINE: |        ____ _ _   _   _       _          _        _   _                      |
[2020-10-12 14:26:26Z INFO Terminal] WRITE LINE: |       / ___(_) |_| | | |_   _| |__      / \   ___| |_(_) ___  _ __  ___      |
[2020-10-12 14:26:26Z INFO Terminal] WRITE LINE: |      | |  _| | __| |_| | | | | '_ \    / _ \ / __| __| |/ _ \| '_ \/ __|     |
[2020-10-12 14:26:26Z INFO Terminal] WRITE LINE: |      | |_| | | |_|  _  | |_| | |_) |  / ___ \ (__| |_| | (_) | | | \__ \     |
[2020-10-12 14:26:26Z INFO Terminal] WRITE LINE: |       \____|_|\__|_| |_|\__,_|_.__/  /_/   \_\___|\__|_|\___/|_| |_|___/     |
[2020-10-12 14:26:26Z INFO Terminal] WRITE LINE: |                                                                              |
[2020-10-12 14:26:26Z INFO Terminal] WRITE: |                       
[2020-10-12 14:26:26Z INFO Terminal] WRITE: Self-hosted runner registration
[2020-10-12 14:26:26Z INFO Terminal] WRITE LINE:                         |
[2020-10-12 14:26:26Z INFO Terminal] WRITE LINE: |                                                                              |
[2020-10-12 14:26:26Z INFO Terminal] WRITE LINE: --------------------------------------------------------------------------------
[2020-10-12 14:26:26Z INFO ConfigurationManager] ConfigureAsync
[2020-10-12 14:26:26Z INFO ConfigurationStore] IsConfigured()
[2020-10-12 14:26:26Z INFO ConfigurationStore] IsConfigured: False
[2020-10-12 14:26:26Z INFO ConfigurationManager] Is configured: False
[2020-10-12 14:26:26Z INFO CommandSettings] Arg 'url': 'https://github.com/irfan87/covid_19_malaysia'
[2020-10-12 14:26:26Z INFO CommandSettings] Remove url from Arg dictionary.
[2020-10-12 14:26:26Z INFO CommandSettings] Arg 'token': '***'
[2020-10-12 14:26:26Z INFO CommandSettings] Remove token from Arg dictionary.
[2020-10-12 14:26:31Z INFO ConfigurationManager] Http response code: OK from 'POST https://api.github.com/actions/runner-registration'
[2020-10-12 14:26:31Z INFO ConfigurationManager] cred retrieved via GitHub auth
[2020-10-12 14:26:31Z INFO RunnerServer] Establish connection with 100 seconds timeout.
[2020-10-12 14:26:32Z INFO GitHubActionsService] Starting operation Location.GetConnectionData
[2020-10-12 14:26:32Z INFO RunnerServer] Establish connection with 60 seconds timeout.
[2020-10-12 14:26:32Z INFO GitHubActionsService] Starting operation Location.GetConnectionData
[2020-10-12 14:26:32Z INFO RunnerServer] Establish connection with 60 seconds timeout.
[2020-10-12 14:26:32Z INFO GitHubActionsService] Starting operation Location.GetConnectionData
[2020-10-12 14:26:34Z INFO GitHubActionsService] Finished operation Location.GetConnectionData
[2020-10-12 14:26:34Z INFO GitHubActionsService] Finished operation Location.GetConnectionData
[2020-10-12 14:26:34Z INFO GitHubActionsService] Finished operation Location.GetConnectionData
[2020-10-12 14:26:34Z INFO Terminal] WRITE LINE: 
[2020-10-12 14:26:34Z INFO ConfigurationManager] Test Connection complete.
[2020-10-12 14:26:34Z INFO HostContext] Well known directory 'Bin': 'C:\Users\irfan\Documents\react_applications\covid_19_malaysia\actions-runner\bin'
[2020-10-12 14:26:34Z INFO HostContext] Well known directory 'Root': 'C:\Users\irfan\Documents\react_applications\covid_19_malaysia\actions-runner'
[2020-10-12 14:26:34Z INFO HostContext] Well known config file 'RSACredentials': 'C:\Users\irfan\Documents\react_applications\covid_19_malaysia\actions-runner\.credentials_rsaparams'
[2020-10-12 14:26:34Z INFO RSAEncryptedFileKeyManager] Creating new RSA key using 2048-bit key length
[2020-10-12 14:26:35Z INFO RSAEncryptedFileKeyManager] Successfully saved RSA key parameters to file C:\Users\irfan\Documents\react_applications\covid_19_malaysia\actions-runner\.credentials_rsaparams
[2020-10-12 14:26:35Z INFO ConfigurationManager] Found a self-hosted runner group with id {1} and name {2} 1, Default
[2020-10-12 14:26:35Z INFO CommandSettings] Arg 'name': ''
[2020-10-12 14:26:35Z INFO CommandSettings] Flag 'unattended': 'False'
[2020-10-12 14:26:35Z INFO PromptManager] ReadValue
[2020-10-12 14:26:35Z INFO Terminal] WRITE: Enter the name of runner: 
[2020-10-12 14:26:35Z INFO Terminal] WRITE: [press Enter for LAPTOP-IA1GMOTM] 
[2020-10-12 14:26:35Z INFO Terminal] READ LINE
[2020-10-12 14:30:31Z INFO Terminal] Read value: 'covid-19-react-app'
[2020-10-12 14:30:31Z INFO Terminal] WRITE LINE: 
[2020-10-12 14:30:31Z INFO CommandSettings] Arg 'labels': ''
[2020-10-12 14:30:31Z INFO CommandSettings] Flag 'unattended': 'False'
[2020-10-12 14:30:31Z INFO PromptManager] ReadValue
[2020-10-12 14:30:31Z INFO Terminal] WRITE: This runner will have the following labels: 'self-hosted', 'Windows', 'X64' 
Enter any additional labels (ex. label-1,label-2): 
[2020-10-12 14:30:31Z INFO Terminal] WRITE: [press Enter to skip] 
[2020-10-12 14:30:31Z INFO Terminal] READ LINE
[2020-10-12 14:30:48Z INFO Terminal] Read value: ''
[2020-10-12 14:30:48Z INFO Terminal] WRITE LINE: 
[2020-10-12 14:30:50Z INFO ConfigurationStore] Saving OAuth credential @ C:\Users\irfan\Documents\react_applications\covid_19_malaysia\actions-runner\.credentials
[2020-10-12 14:30:50Z INFO ConfigurationStore] Credentials Saved.
[2020-10-12 14:30:50Z INFO ConfigurationStore] HasCredentials()
[2020-10-12 14:30:50Z INFO ConfigurationStore] stored True
[2020-10-12 14:30:50Z INFO CredentialManager] GetCredentialProvider
[2020-10-12 14:30:50Z INFO CredentialManager] Creating type OAuth
[2020-10-12 14:30:50Z INFO CredentialManager] Creating credential type: OAuth
[2020-10-12 14:30:50Z INFO RSAEncryptedFileKeyManager] Loading RSA key parameters from file C:\Users\irfan\Documents\react_applications\covid_19_malaysia\actions-runner\.credentials_rsaparams
[2020-10-12 14:30:50Z INFO RunnerServer] Establish connection with 100 seconds timeout.
[2020-10-12 14:30:50Z INFO GitHubActionsService] Starting operation Location.GetConnectionData
[2020-10-12 14:30:50Z INFO RunnerServer] Establish connection with 60 seconds timeout.
[2020-10-12 14:30:50Z INFO GitHubActionsService] Starting operation Location.GetConnectionData
[2020-10-12 14:30:50Z INFO RunnerServer] Establish connection with 60 seconds timeout.
[2020-10-12 14:30:50Z INFO GitHubActionsService] Starting operation Location.GetConnectionData
[2020-10-12 14:30:51Z INFO GitHubActionsService] Finished operation Location.GetConnectionData
[2020-10-12 14:30:51Z INFO GitHubActionsService] Finished operation Location.GetConnectionData
[2020-10-12 14:30:51Z INFO GitHubActionsService] Finished operation Location.GetConnectionData
[2020-10-12 14:30:51Z INFO GitHubActionsService] Starting operation Location.GetConnectionData
[2020-10-12 14:30:52Z INFO GitHubActionsService] Finished operation Location.GetConnectionData
[2020-10-12 14:30:52Z INFO GitHubActionsService] Starting operation Location.GetConnectionData
[2020-10-12 14:30:52Z INFO GitHubActionsService] Finished operation Location.GetConnectionData
[2020-10-12 14:30:52Z WARN GitHubActionsService] Authentication failed with status code 401.
WWW-Authenticate: Bearer
Strict-Transport-Security: max-age=2592000
X-TFS-ProcessId: ecc17e2e-b43c-451d-9056-a5600dca94c3
ActivityId: 5dbe0901-918f-422b-8438-d860b5a40ad1
X-TFS-Session: 2dd942d5-46f1-4cc1-93f1-9fff69a8b081
X-VSS-E2EID: 1aee509e-b91d-4585-acc8-46c99b3bd4fe
X-VSS-SenderDeploymentId: 13a19993-c6bc-326c-afb4-32c5519f46f0
X-TFS-ServiceError: The+user+%27System%3aPublicAccess%3baaaaaaaa-aaaa-aaaa-aaaa-aaaaaaaaaaaa%27+is+not+authorized+to+access+this+resource.
X-VSS-S2STargetService: 0000005A-0000-8888-8000-000000000000/visualstudio.com
X-MSEdge-Ref: Ref A: B456C62171194FB5AAA4FF560629A1FD Ref B: KUL02EDGE0217 Ref C: 2020-10-12T14:30:53Z
Date: Mon, 12 Oct 2020 14:30:53 GMT

[2020-10-12 14:30:52Z INFO RSAEncryptedFileKeyManager] Loading RSA key parameters from file C:\Users\irfan\Documents\react_applications\covid_19_malaysia\actions-runner\.credentials_rsaparams
[2020-10-12 14:30:52Z INFO RSAEncryptedFileKeyManager] Loading RSA key parameters from file C:\Users\irfan\Documents\react_applications\covid_19_malaysia\actions-runner\.credentials_rsaparams
[2020-10-12 14:30:54Z INFO GitHubActionsService] AAD Correlation ID for this token request: Unknown
[2020-10-12 14:30:54Z INFO CommandSettings] Arg 'work': ''
[2020-10-12 14:30:54Z INFO CommandSettings] Flag 'unattended': 'False'
[2020-10-12 14:30:54Z INFO PromptManager] ReadValue
[2020-10-12 14:30:54Z INFO Terminal] WRITE: Enter name of work folder: 
[2020-10-12 14:30:54Z INFO Terminal] WRITE: [press Enter for _work] 
[2020-10-12 14:30:54Z INFO Terminal] READ LINE
[2020-10-12 14:31:18Z INFO Terminal] Read value: 'covid-19-react-app'
[2020-10-12 14:31:18Z INFO ConfigurationStore] Saving runner settings.
[2020-10-12 14:31:18Z INFO ConfigurationStore] Settings Saved.
[2020-10-12 14:31:18Z INFO Terminal] WRITE LINE: 
[2020-10-12 14:31:18Z INFO Terminal] WRITE LINE: 
[2020-10-12 14:31:18Z INFO CommandSettings] Flag 'runasservice': 'False'
[2020-10-12 14:31:18Z INFO CommandSettings] Flag 'unattended': 'False'
[2020-10-12 14:31:18Z INFO PromptManager] ReadValue
[2020-10-12 14:31:18Z INFO Terminal] WRITE: Would you like to run the runner as service? (Y/N) 
[2020-10-12 14:31:18Z INFO Terminal] WRITE: [press Enter for N] 
[2020-10-12 14:31:18Z INFO Terminal] READ LINE
[2020-10-12 14:33:56Z INFO Terminal] Read value: ''
[2020-10-12 14:33:56Z INFO PromptManager] Falling back to the default: 'N'
[2020-10-12 14:33:56Z INFO Listener] Runner execution has finished with return code 0
