[2020-10-12 14:34:53Z INFO HostContext] No proxy settings were found based on environmental variables (http_proxy/https_proxy/HTTP_PROXY/HTTPS_PROXY)
[2020-10-12 14:34:53Z INFO HostContext] Well known directory 'Bin': 'C:\Users\irfan\Documents\react_applications\covid_19_malaysia\actions-runner\bin'
[2020-10-12 14:34:53Z INFO HostContext] Well known directory 'Root': 'C:\Users\irfan\Documents\react_applications\covid_19_malaysia\actions-runner'
[2020-10-12 14:34:53Z INFO HostContext] Well known config file 'Credentials': 'C:\Users\irfan\Documents\react_applications\covid_19_malaysia\actions-runner\.credentials'
[2020-10-12 14:34:53Z INFO Listener] Runner is built for Windows (X64) - win-x64.
[2020-10-12 14:34:53Z INFO Listener] RuntimeInformation: Microsoft Windows 10.0.19041.
[2020-10-12 14:34:53Z INFO Listener] Version: 2.273.5
[2020-10-12 14:34:53Z INFO Listener] Commit: a79bab4b3c993a205a2d73d2b618299d8a96bd26
[2020-10-12 14:34:53Z INFO Listener] Culture: en-MY
[2020-10-12 14:34:53Z INFO Listener] UI Culture: en-US
[2020-10-12 14:34:53Z INFO HostContext] Well known directory 'Bin': 'C:\Users\irfan\Documents\react_applications\covid_19_malaysia\actions-runner\bin'
[2020-10-12 14:34:53Z INFO HostContext] Well known directory 'Root': 'C:\Users\irfan\Documents\react_applications\covid_19_malaysia\actions-runner'
[2020-10-12 14:34:53Z INFO Listener] Validating directory permissions for: 'C:\Users\irfan\Documents\react_applications\covid_19_malaysia\actions-runner'
[2020-10-12 14:34:53Z INFO CommandLineParser] Parse
[2020-10-12 14:34:53Z INFO CommandLineParser] Parsing 1 args
[2020-10-12 14:34:53Z INFO CommandLineParser] parsing argument
[2020-10-12 14:34:53Z INFO CommandLineParser] HasArgs: False
[2020-10-12 14:34:53Z INFO CommandLineParser] Adding Command: run
[2020-10-12 14:34:53Z INFO Listener] Arguments parsed
[2020-10-12 14:34:53Z INFO Runner] ExecuteCommand
[2020-10-12 14:34:53Z INFO ConfigurationStore] currentAssemblyLocation: C:\Users\irfan\Documents\react_applications\covid_19_malaysia\actions-runner\bin\Runner.Listener.dll
[2020-10-12 14:34:53Z INFO HostContext] Well known directory 'Bin': 'C:\Users\irfan\Documents\react_applications\covid_19_malaysia\actions-runner\bin'
[2020-10-12 14:34:53Z INFO ConfigurationStore] binPath: C:\Users\irfan\Documents\react_applications\covid_19_malaysia\actions-runner\bin
[2020-10-12 14:34:53Z INFO HostContext] Well known directory 'Bin': 'C:\Users\irfan\Documents\react_applications\covid_19_malaysia\actions-runner\bin'
[2020-10-12 14:34:53Z INFO HostContext] Well known directory 'Root': 'C:\Users\irfan\Documents\react_applications\covid_19_malaysia\actions-runner'
[2020-10-12 14:34:53Z INFO ConfigurationStore] RootFolder: C:\Users\irfan\Documents\react_applications\covid_19_malaysia\actions-runner
[2020-10-12 14:34:53Z INFO HostContext] Well known directory 'Bin': 'C:\Users\irfan\Documents\react_applications\covid_19_malaysia\actions-runner\bin'
[2020-10-12 14:34:53Z INFO HostContext] Well known directory 'Root': 'C:\Users\irfan\Documents\react_applications\covid_19_malaysia\actions-runner'
[2020-10-12 14:34:53Z INFO HostContext] Well known config file 'Runner': 'C:\Users\irfan\Documents\react_applications\covid_19_malaysia\actions-runner\.runner'
[2020-10-12 14:34:53Z INFO ConfigurationStore] ConfigFilePath: C:\Users\irfan\Documents\react_applications\covid_19_malaysia\actions-runner\.runner
[2020-10-12 14:34:53Z INFO HostContext] Well known directory 'Bin': 'C:\Users\irfan\Documents\react_applications\covid_19_malaysia\actions-runner\bin'
[2020-10-12 14:34:53Z INFO HostContext] Well known directory 'Root': 'C:\Users\irfan\Documents\react_applications\covid_19_malaysia\actions-runner'
[2020-10-12 14:34:53Z INFO HostContext] Well known config file 'Credentials': 'C:\Users\irfan\Documents\react_applications\covid_19_malaysia\actions-runner\.credentials'
[2020-10-12 14:34:53Z INFO ConfigurationStore] CredFilePath: C:\Users\irfan\Documents\react_applications\covid_19_malaysia\actions-runner\.credentials
[2020-10-12 14:34:53Z INFO HostContext] Well known directory 'Bin': 'C:\Users\irfan\Documents\react_applications\covid_19_malaysia\actions-runner\bin'
[2020-10-12 14:34:53Z INFO HostContext] Well known directory 'Root': 'C:\Users\irfan\Documents\react_applications\covid_19_malaysia\actions-runner'
[2020-10-12 14:34:53Z INFO HostContext] Well known config file 'MigratedCredentials': 'C:\Users\irfan\Documents\react_applications\covid_19_malaysia\actions-runner\.credentials_migrated'
[2020-10-12 14:34:53Z INFO ConfigurationStore] MigratedCredFilePath: C:\Users\irfan\Documents\react_applications\covid_19_malaysia\actions-runner\.credentials_migrated
[2020-10-12 14:34:53Z INFO HostContext] Well known directory 'Bin': 'C:\Users\irfan\Documents\react_applications\covid_19_malaysia\actions-runner\bin'
[2020-10-12 14:34:53Z INFO HostContext] Well known directory 'Root': 'C:\Users\irfan\Documents\react_applications\covid_19_malaysia\actions-runner'
[2020-10-12 14:34:53Z INFO HostContext] Well known config file 'Service': 'C:\Users\irfan\Documents\react_applications\covid_19_malaysia\actions-runner\.service'
[2020-10-12 14:34:53Z INFO ConfigurationStore] ServiceConfigFilePath: C:\Users\irfan\Documents\react_applications\covid_19_malaysia\actions-runner\.service
[2020-10-12 14:34:53Z INFO CommandSettings] Flag 'help': 'False'
[2020-10-12 14:34:53Z INFO CommandSettings] Flag 'version': 'False'
[2020-10-12 14:34:53Z INFO CommandSettings] Flag 'commit': 'False'
[2020-10-12 14:34:53Z INFO CommandSettings] Command 'configure': 'False'
[2020-10-12 14:34:53Z INFO CommandSettings] Command 'remove': 'False'
[2020-10-12 14:34:53Z INFO CommandSettings] Command 'warmup': 'False'
[2020-10-12 14:34:53Z INFO ConfigurationManager] LoadSettings
[2020-10-12 14:34:53Z INFO ConfigurationStore] IsConfigured()
[2020-10-12 14:34:53Z INFO ConfigurationStore] IsConfigured: True
[2020-10-12 14:34:53Z INFO ConfigurationManager] Is configured: True
[2020-10-12 14:34:53Z INFO ConfigurationStore] Read setting file: 321 chars
[2020-10-12 14:34:53Z INFO ConfigurationManager] Settings Loaded
[2020-10-12 14:34:53Z INFO ConfigurationStore] IsServiceConfigured()
[2020-10-12 14:34:53Z INFO ConfigurationStore] IsServiceConfigured: False
[2020-10-12 14:34:53Z INFO CommandSettings] Command 'run': 'True'
[2020-10-12 14:34:53Z INFO ConfigurationStore] IsConfigured()
[2020-10-12 14:34:53Z INFO ConfigurationStore] IsConfigured: True
[2020-10-12 14:34:53Z INFO ConfigurationManager] Is configured: True
[2020-10-12 14:34:53Z INFO Runner] Could not parse the argument value '' for StartupType. Defaulting to Manual
[2020-10-12 14:34:53Z INFO Runner] Set runner startup type - Manual
[2020-10-12 14:34:53Z INFO CommandSettings] Flag 'once': 'False'
[2020-10-12 14:34:53Z INFO Runner] RunAsync
[2020-10-12 14:34:53Z INFO ConfigurationManager] LoadSettings
[2020-10-12 14:34:53Z INFO ConfigurationStore] IsConfigured()
[2020-10-12 14:34:53Z INFO ConfigurationStore] IsConfigured: True
[2020-10-12 14:34:53Z INFO ConfigurationManager] Is configured: True
[2020-10-12 14:34:53Z INFO ConfigurationManager] Settings Loaded
[2020-10-12 14:34:53Z INFO MessageListener] {
  "AgentId": 2,
  "AgentName": "covid-19-react-app",
  "PoolId": 1,
  "PoolName": "Default",
  "ServerUrl": "https://pipelines.actions.githubusercontent.com/DBZEvyt5fDCn9dR5jkv6ugAMSJvjTGyShFtRXIfE6A2XVT5sCS",
  "GitHubUrl": "https://github.com/irfan87/covid_19_malaysia",
  "WorkFolder": "covid-19-react-app"
}
[2020-10-12 14:34:53Z INFO MessageListener] Loading Credentials
[2020-10-12 14:34:53Z INFO ConfigurationStore] HasCredentials()
[2020-10-12 14:34:53Z INFO ConfigurationStore] stored True
[2020-10-12 14:34:53Z INFO CredentialManager] GetCredentialProvider
[2020-10-12 14:34:53Z INFO CredentialManager] Creating type OAuth
[2020-10-12 14:34:53Z INFO CredentialManager] Creating credential type: OAuth
[2020-10-12 14:34:53Z INFO HostContext] Well known directory 'Bin': 'C:\Users\irfan\Documents\react_applications\covid_19_malaysia\actions-runner\bin'
[2020-10-12 14:34:53Z INFO HostContext] Well known directory 'Root': 'C:\Users\irfan\Documents\react_applications\covid_19_malaysia\actions-runner'
[2020-10-12 14:34:53Z INFO HostContext] Well known config file 'RSACredentials': 'C:\Users\irfan\Documents\react_applications\covid_19_malaysia\actions-runner\.credentials_rsaparams'
[2020-10-12 14:34:53Z INFO RSAEncryptedFileKeyManager] Loading RSA key parameters from file C:\Users\irfan\Documents\react_applications\covid_19_malaysia\actions-runner\.credentials_rsaparams
[2020-10-12 14:34:53Z INFO MessageListener] Attempt to create session.
[2020-10-12 14:34:53Z INFO MessageListener] Connecting to the Runner Server...
[2020-10-12 14:34:53Z INFO RunnerServer] Establish connection with 100 seconds timeout.
[2020-10-12 14:34:53Z INFO GitHubActionsService] Starting operation Location.GetConnectionData
[2020-10-12 14:34:53Z INFO RunnerServer] Establish connection with 60 seconds timeout.
[2020-10-12 14:34:53Z INFO GitHubActionsService] Starting operation Location.GetConnectionData
[2020-10-12 14:34:53Z INFO RunnerServer] Establish connection with 60 seconds timeout.
[2020-10-12 14:34:53Z INFO GitHubActionsService] Starting operation Location.GetConnectionData
[2020-10-12 14:34:55Z INFO GitHubActionsService] Finished operation Location.GetConnectionData
[2020-10-12 14:34:55Z INFO GitHubActionsService] Finished operation Location.GetConnectionData
[2020-10-12 14:34:55Z INFO GitHubActionsService] Finished operation Location.GetConnectionData
[2020-10-12 14:34:55Z INFO GitHubActionsService] Starting operation Location.GetConnectionData
[2020-10-12 14:34:55Z INFO GitHubActionsService] Finished operation Location.GetConnectionData
[2020-10-12 14:34:55Z INFO GitHubActionsService] Starting operation Location.GetConnectionData
[2020-10-12 14:34:56Z INFO GitHubActionsService] Finished operation Location.GetConnectionData
[2020-10-12 14:34:56Z INFO MessageListener] VssConnection created
[2020-10-12 14:34:56Z INFO Terminal] WRITE LINE: 
[2020-10-12 14:34:56Z INFO Terminal] WRITE LINE: 
[2020-10-12 14:34:56Z WARN GitHubActionsService] Authentication failed with status code 401.
WWW-Authenticate: Bearer
Strict-Transport-Security: max-age=2592000
X-TFS-ProcessId: 17c66d03-e451-4fff-95ce-39cb472e586b
ActivityId: dcfc8cd8-f454-4263-9fdd-81dabb922e30
X-TFS-Session: 619104dd-1055-4e4a-8083-212ffe0bb9ad
X-VSS-E2EID: 8b968b61-9f88-405a-bbac-41df43dc169b
X-VSS-SenderDeploymentId: 13a19993-c6bc-326c-afb4-32c5519f46f0
X-TFS-ServiceError: The+user+%27System%3aPublicAccess%3baaaaaaaa-aaaa-aaaa-aaaa-aaaaaaaaaaaa%27+is+not+authorized+to+access+this+resource.
X-VSS-S2STargetService: 0000005A-0000-8888-8000-000000000000/visualstudio.com
X-MSEdge-Ref: Ref A: 786EF1C1B9A24503BAC91E47A045CF8B Ref B: KUL02EDGE0209 Ref C: 2020-10-12T14:34:57Z
Date: Mon, 12 Oct 2020 14:34:57 GMT

[2020-10-12 14:34:56Z INFO RSAEncryptedFileKeyManager] Loading RSA key parameters from file C:\Users\irfan\Documents\react_applications\covid_19_malaysia\actions-runner\.credentials_rsaparams
[2020-10-12 14:34:56Z INFO RSAEncryptedFileKeyManager] Loading RSA key parameters from file C:\Users\irfan\Documents\react_applications\covid_19_malaysia\actions-runner\.credentials_rsaparams
[2020-10-12 14:34:57Z INFO GitHubActionsService] AAD Correlation ID for this token request: Unknown
[2020-10-12 14:34:58Z INFO MessageListener] Session created.
[2020-10-12 14:34:58Z INFO Terminal] WRITE LINE: 2020-10-12 14:34:58Z: Listening for Jobs
[2020-10-12 14:34:58Z INFO JobDispatcher] Set runner/worker IPC timeout to 30 seconds.
[2020-10-12 14:36:13Z INFO RSAEncryptedFileKeyManager] Loading RSA key parameters from file C:\Users\irfan\Documents\react_applications\covid_19_malaysia\actions-runner\.credentials_rsaparams
[2020-10-12 14:36:13Z INFO MessageListener] Message '1' received from session 'd28454ba-e850-4f43-b751-699a31b8db3c'.
[2020-10-12 14:36:14Z INFO JobDispatcher] Job request 1 for plan 331711e1-02bc-4fd9-a770-8b696a64f47f job 006c7e6f-00a1-57ff-4d9c-5871960fc9e4 received.
[2020-10-12 14:36:14Z INFO JobDispatcher] Pull OrchestrationId 331711e1-02bc-4fd9-a770-8b696a64f47f.build._14_x from JWT claims
[2020-10-12 14:36:14Z INFO Terminal] WRITE LINE: 2020-10-12 14:36:14Z: Running job: build (14.x)
[2020-10-12 14:36:14Z INFO JobDispatcher] Start renew job request 1 for job 006c7e6f-00a1-57ff-4d9c-5871960fc9e4.
[2020-10-12 14:36:15Z INFO JobDispatcher] Successfully renew job request 1, job is valid till 12/10/2020 2:46:16 PM
[2020-10-12 14:36:15Z INFO HostContext] Well known directory 'Bin': 'C:\Users\irfan\Documents\react_applications\covid_19_malaysia\actions-runner\bin'
[2020-10-12 14:36:15Z INFO ProcessInvokerWrapper] Starting process:
[2020-10-12 14:36:15Z INFO ProcessInvokerWrapper]   File name: 'C:\Users\irfan\Documents\react_applications\covid_19_malaysia\actions-runner\bin\Runner.Worker.exe'
[2020-10-12 14:36:15Z INFO ProcessInvokerWrapper]   Arguments: 'spawnclient 2276 1636'
[2020-10-12 14:36:15Z INFO ProcessInvokerWrapper]   Working directory: 'C:\Users\irfan\Documents\react_applications\covid_19_malaysia\actions-runner\bin'
[2020-10-12 14:36:15Z INFO ProcessInvokerWrapper]   Require exit code zero: 'False'
[2020-10-12 14:36:15Z INFO ProcessInvokerWrapper]   Encoding web name:  ; code page: ''
[2020-10-12 14:36:15Z INFO ProcessInvokerWrapper]   Force kill process on cancellation: 'True'
[2020-10-12 14:36:15Z INFO ProcessInvokerWrapper]   Redirected STDIN: 'False'
[2020-10-12 14:36:15Z INFO ProcessInvokerWrapper]   Persist current code page: 'False'
[2020-10-12 14:36:15Z INFO ProcessInvokerWrapper]   Keep redirected STDIN open: 'False'
[2020-10-12 14:36:15Z INFO ProcessInvokerWrapper]   High priority process: 'True'
[2020-10-12 14:36:17Z INFO ProcessInvokerWrapper] Process started with process id 20440, waiting for process exit.
[2020-10-12 14:36:17Z INFO JobDispatcher] Send job request message to worker for job 006c7e6f-00a1-57ff-4d9c-5871960fc9e4.
[2020-10-12 14:36:18Z INFO JobNotification] Entering JobStarted Notification
[2020-10-12 14:36:18Z INFO JobNotification] Entering StartMonitor
[2020-10-12 14:37:17Z INFO JobDispatcher] Successfully renew job request 1, job is valid till 12/10/2020 2:47:19 PM
[2020-10-12 14:38:18Z INFO JobDispatcher] Successfully renew job request 1, job is valid till 12/10/2020 2:48:19 PM
[2020-10-12 14:38:18Z INFO ProcessInvokerWrapper] STDOUT/STDERR stream read finished.
[2020-10-12 14:38:18Z INFO ProcessInvokerWrapper] STDOUT/STDERR stream read finished.
[2020-10-12 14:38:18Z INFO ProcessInvokerWrapper] Finished process 20440 with exit code 102, and elapsed time 00:02:03.1447143.
[2020-10-12 14:38:18Z INFO JobDispatcher] Worker finished for job 006c7e6f-00a1-57ff-4d9c-5871960fc9e4. Code: 102
[2020-10-12 14:38:18Z INFO JobDispatcher] finish job request for job 006c7e6f-00a1-57ff-4d9c-5871960fc9e4 with result: Failed
[2020-10-12 14:38:18Z INFO Terminal] WRITE LINE: 2020-10-12 14:38:18Z: Job build (14.x) completed with result: Failed
[2020-10-12 14:38:18Z INFO JobDispatcher] Stop renew job request for job 006c7e6f-00a1-57ff-4d9c-5871960fc9e4.
[2020-10-12 14:38:18Z INFO JobDispatcher] job renew has been canceled, stop renew job request 1.
[2020-10-12 14:38:18Z INFO JobNotification] Entering JobCompleted Notification
[2020-10-12 14:38:18Z INFO JobNotification] Entering EndMonitor
[2020-10-12 14:40:21Z INFO Terminal] WRITE LINE: Exiting...
[2020-10-12 14:40:21Z INFO ConfigurationStore] IsServiceConfigured()
[2020-10-12 14:40:21Z INFO ConfigurationStore] IsServiceConfigured: False
[2020-10-12 14:40:21Z INFO HostContext] Runner will be shutdown for UserCancelled
[2020-10-12 14:40:21Z WARN GitHubActionsService] GET request to https://pipelines.actions.githubusercontent.com/DBZEvyt5fDCn9dR5jkv6ugAMSJvjTGyShFtRXIfE6A2XVT5sCS/_apis/distributedtask/pools/1/messages?sessionId=d28454ba-e850-4f43-b751-699a31b8db3c&lastMessageId=1 has been cancelled.
[2020-10-12 14:40:21Z INFO MessageListener] Get next message has been cancelled.
[2020-10-12 14:40:21Z INFO JobDispatcher] Shutting down JobDispatcher. Make sure all WorkerDispatcher has finished.
[2020-10-12 14:40:21Z INFO JobDispatcher] Ensure WorkerDispather for job 006c7e6f-00a1-57ff-4d9c-5871960fc9e4 run to finish, cancel any running job.
[2020-10-12 14:40:21Z INFO JobDispatcher] Job request 006c7e6f-00a1-57ff-4d9c-5871960fc9e4 processed succeed.
[2020-10-12 14:40:22Z INFO Listener] Runner execution been cancelled.
